2022-08-14 05:34:54.687  INFO 10780 --- [restartedMain] com.board.Sample3Application             : Starting Sample3Application using Java 11.0.15 on LAPTOP-4251JS17 with PID 10780 (C:\spring\workspace\sample3\target\classes started by user in C:\spring\workspace\sample3)
2022-08-14 05:34:54.702  INFO 10780 --- [restartedMain] com.board.Sample3Application             : No active profile set, falling back to default profiles: default
2022-08-14 05:34:54.799  INFO 10780 --- [restartedMain] .e.DevToolsPropertyDefaultsPostProcessor : Devtools property defaults active! Set 'spring.devtools.add-properties' to 'false' to disable
2022-08-14 05:34:54.800  INFO 10780 --- [restartedMain] .e.DevToolsPropertyDefaultsPostProcessor : For additional web related logging consider setting the 'logging.level.web' property to 'DEBUG'
2022-08-14 05:34:57.197  INFO 10780 --- [restartedMain] o.s.b.w.embedded.tomcat.TomcatWebServer  : Tomcat initialized with port(s): 8080 (http)
2022-08-14 05:34:57.220  INFO 10780 --- [restartedMain] o.apache.catalina.core.StandardService   : Starting service [Tomcat]
2022-08-14 05:34:57.222  INFO 10780 --- [restartedMain] org.apache.catalina.core.StandardEngine  : Starting Servlet engine: [Apache Tomcat/9.0.52]
2022-08-14 05:34:57.651  INFO 10780 --- [restartedMain] org.apache.jasper.servlet.TldScanner     : At least one JAR was scanned for TLDs yet contained no TLDs. Enable debug logging for this logger for a complete list of JARs that were scanned but no TLDs were found in them. Skipping unneeded JARs during scanning can improve startup time and JSP compilation time.
2022-08-14 05:34:57.667  INFO 10780 --- [restartedMain] o.a.c.c.C.[Tomcat].[localhost].[/]       : Initializing Spring embedded WebApplicationContext
2022-08-14 05:34:57.669  INFO 10780 --- [restartedMain] w.s.c.ServletWebServerApplicationContext : Root WebApplicationContext: initialization completed in 2867 ms
2022-08-14 05:34:57.718  INFO 10780 --- [restartedMain] com.zaxxer.hikari.HikariDataSource       : HikariPool-1 - Starting...
2022-08-14 05:34:58.108  INFO 10780 --- [restartedMain] com.zaxxer.hikari.HikariDataSource       : HikariPool-1 - Start completed.
2022-08-14 05:34:58.121  INFO 10780 --- [restartedMain] o.s.b.a.h2.H2ConsoleAutoConfiguration    : H2 console available at '/h2-console'. Database available at 'jdbc:h2:mem:test'
2022-08-14 05:34:59.169 DEBUG 10780 --- [restartedMain] edFilterInvocationSecurityMetadataSource : Adding web access control expression [permitAll] for Ant [pattern='/']
2022-08-14 05:34:59.171 DEBUG 10780 --- [restartedMain] edFilterInvocationSecurityMetadataSource : Adding web access control expression [authenticated] for Ant [pattern='/write']
2022-08-14 05:34:59.187  INFO 10780 --- [restartedMain] o.s.s.web.DefaultSecurityFilterChain     : Will secure any request with [org.springframework.security.web.context.request.async.WebAsyncManagerIntegrationFilter@108c883a, org.springframework.security.web.context.SecurityContextPersistenceFilter@2a2e4f12, org.springframework.security.web.header.HeaderWriterFilter@7bd02cc7, org.springframework.security.web.authentication.logout.LogoutFilter@c924db0, org.springframework.security.web.authentication.UsernamePasswordAuthenticationFilter@344aef9b, org.springframework.security.web.savedrequest.RequestCacheAwareFilter@65dc8dae, org.springframework.security.web.servletapi.SecurityContextHolderAwareRequestFilter@776c48cb, org.springframework.security.web.authentication.AnonymousAuthenticationFilter@3ff7f632, org.springframework.security.web.session.SessionManagementFilter@2dec27a5, org.springframework.security.web.access.ExceptionTranslationFilter@30d94c7, org.springframework.security.web.access.intercept.FilterSecurityInterceptor@c205828]
2022-08-14 05:34:59.793  INFO 10780 --- [restartedMain] o.s.b.d.a.OptionalLiveReloadServer       : LiveReload server is running on port 35729
2022-08-14 05:34:59.870  INFO 10780 --- [restartedMain] o.s.b.w.embedded.tomcat.TomcatWebServer  : Tomcat started on port(s): 8080 (http) with context path ''
2022-08-14 05:34:59.893  INFO 10780 --- [restartedMain] com.board.Sample3Application             : Started Sample3Application in 6.069 seconds (JVM running for 8.301)
2022-08-14 05:35:05.860  INFO 10780 --- [http-nio-8080-exec-1] o.a.c.c.C.[Tomcat].[localhost].[/]       : Initializing Spring DispatcherServlet 'dispatcherServlet'
2022-08-14 05:35:05.862  INFO 10780 --- [http-nio-8080-exec-1] o.s.web.servlet.DispatcherServlet        : Initializing Servlet 'dispatcherServlet'
2022-08-14 05:35:05.865  INFO 10780 --- [http-nio-8080-exec-1] o.s.web.servlet.DispatcherServlet        : Completed initialization in 2 ms
2022-08-14 05:35:05.890 DEBUG 10780 --- [http-nio-8080-exec-1] o.s.security.web.FilterChainProxy        : Securing GET /
2022-08-14 05:35:05.903 DEBUG 10780 --- [http-nio-8080-exec-1] s.s.w.c.SecurityContextPersistenceFilter : Set SecurityContextHolder to empty SecurityContext
2022-08-14 05:35:05.909 DEBUG 10780 --- [http-nio-8080-exec-1] o.s.s.w.a.AnonymousAuthenticationFilter  : Set SecurityContextHolder to anonymous SecurityContext
2022-08-14 05:35:05.940 DEBUG 10780 --- [http-nio-8080-exec-1] o.s.s.w.a.i.FilterSecurityInterceptor    : Authorized filter invocation [GET /] with attributes [permitAll]
2022-08-14 05:35:05.941 DEBUG 10780 --- [http-nio-8080-exec-1] o.s.security.web.FilterChainProxy        : Secured GET /
2022-08-14 05:35:08.032  WARN 10780 --- [http-nio-8080-exec-1] o.a.c.util.SessionIdGeneratorBase        : Creation of SecureRandom instance for session ID generation using [SHA1PRNG] took [735] milliseconds.
2022-08-14 05:35:08.057 DEBUG 10780 --- [http-nio-8080-exec-1] w.c.HttpSessionSecurityContextRepository : Did not store anonymous SecurityContext
2022-08-14 05:35:08.064 DEBUG 10780 --- [http-nio-8080-exec-1] w.c.HttpSessionSecurityContextRepository : Did not store anonymous SecurityContext
2022-08-14 05:35:08.065 DEBUG 10780 --- [http-nio-8080-exec-1] s.s.w.c.SecurityContextPersistenceFilter : Cleared SecurityContextHolder to complete request
2022-08-14 05:35:08.133 DEBUG 10780 --- [http-nio-8080-exec-2] o.s.security.web.FilterChainProxy        : Securing GET /favicon.ico
2022-08-14 05:35:08.134 DEBUG 10780 --- [http-nio-8080-exec-2] s.s.w.c.SecurityContextPersistenceFilter : Set SecurityContextHolder to empty SecurityContext
2022-08-14 05:35:08.135 DEBUG 10780 --- [http-nio-8080-exec-2] o.s.s.w.a.AnonymousAuthenticationFilter  : Set SecurityContextHolder to anonymous SecurityContext
2022-08-14 05:35:08.137 DEBUG 10780 --- [http-nio-8080-exec-2] o.s.s.w.a.i.FilterSecurityInterceptor    : Authorized public object filter invocation [GET /favicon.ico]
2022-08-14 05:35:08.138 DEBUG 10780 --- [http-nio-8080-exec-2] o.s.security.web.FilterChainProxy        : Secured GET /favicon.ico
2022-08-14 05:35:08.198 DEBUG 10780 --- [http-nio-8080-exec-2] w.c.HttpSessionSecurityContextRepository : Did not store anonymous SecurityContext
2022-08-14 05:35:08.200 DEBUG 10780 --- [http-nio-8080-exec-2] w.c.HttpSessionSecurityContextRepository : Did not store anonymous SecurityContext
2022-08-14 05:35:08.200 DEBUG 10780 --- [http-nio-8080-exec-2] s.s.w.c.SecurityContextPersistenceFilter : Cleared SecurityContextHolder to complete request
2022-08-14 05:35:09.345 DEBUG 10780 --- [http-nio-8080-exec-3] o.s.security.web.FilterChainProxy        : Securing GET /list
2022-08-14 05:35:09.347 DEBUG 10780 --- [http-nio-8080-exec-3] s.s.w.c.SecurityContextPersistenceFilter : Set SecurityContextHolder to empty SecurityContext
2022-08-14 05:35:09.347 DEBUG 10780 --- [http-nio-8080-exec-3] o.s.s.w.a.AnonymousAuthenticationFilter  : Set SecurityContextHolder to anonymous SecurityContext
2022-08-14 05:35:09.348 DEBUG 10780 --- [http-nio-8080-exec-3] o.s.s.w.a.i.FilterSecurityInterceptor    : Authorized public object filter invocation [GET /list]
2022-08-14 05:35:09.348 DEBUG 10780 --- [http-nio-8080-exec-3] o.s.security.web.FilterChainProxy        : Secured GET /list
2022-08-14 05:35:09.788 DEBUG 10780 --- [http-nio-8080-exec-3] w.c.HttpSessionSecurityContextRepository : Did not store anonymous SecurityContext
2022-08-14 05:35:09.790 DEBUG 10780 --- [http-nio-8080-exec-3] w.c.HttpSessionSecurityContextRepository : Did not store anonymous SecurityContext
2022-08-14 05:35:09.790 DEBUG 10780 --- [http-nio-8080-exec-3] s.s.w.c.SecurityContextPersistenceFilter : Cleared SecurityContextHolder to complete request
2022-08-14 05:35:11.109 DEBUG 10780 --- [http-nio-8080-exec-4] o.s.security.web.FilterChainProxy        : Securing GET /
2022-08-14 05:35:11.110 DEBUG 10780 --- [http-nio-8080-exec-4] s.s.w.c.SecurityContextPersistenceFilter : Set SecurityContextHolder to empty SecurityContext
2022-08-14 05:35:11.111 DEBUG 10780 --- [http-nio-8080-exec-4] o.s.s.w.a.AnonymousAuthenticationFilter  : Set SecurityContextHolder to anonymous SecurityContext
2022-08-14 05:35:11.112 DEBUG 10780 --- [http-nio-8080-exec-4] o.s.s.w.a.i.FilterSecurityInterceptor    : Authorized filter invocation [GET /] with attributes [permitAll]
2022-08-14 05:35:11.113 DEBUG 10780 --- [http-nio-8080-exec-4] o.s.security.web.FilterChainProxy        : Secured GET /
2022-08-14 05:35:11.126 DEBUG 10780 --- [http-nio-8080-exec-4] w.c.HttpSessionSecurityContextRepository : Did not store anonymous SecurityContext
2022-08-14 05:35:11.128 DEBUG 10780 --- [http-nio-8080-exec-4] w.c.HttpSessionSecurityContextRepository : Did not store anonymous SecurityContext
2022-08-14 05:35:11.128 DEBUG 10780 --- [http-nio-8080-exec-4] s.s.w.c.SecurityContextPersistenceFilter : Cleared SecurityContextHolder to complete request
2022-08-14 05:35:12.091 DEBUG 10780 --- [http-nio-8080-exec-5] o.s.security.web.FilterChainProxy        : Securing GET /write
2022-08-14 05:35:12.091 DEBUG 10780 --- [http-nio-8080-exec-5] s.s.w.c.SecurityContextPersistenceFilter : Set SecurityContextHolder to empty SecurityContext
2022-08-14 05:35:12.091 DEBUG 10780 --- [http-nio-8080-exec-5] o.s.s.w.a.AnonymousAuthenticationFilter  : Set SecurityContextHolder to anonymous SecurityContext
2022-08-14 05:35:12.092 DEBUG 10780 --- [http-nio-8080-exec-5] o.s.s.w.a.i.FilterSecurityInterceptor    : Failed to authorize filter invocation [GET /write] with attributes [authenticated]
2022-08-14 05:35:12.106 DEBUG 10780 --- [http-nio-8080-exec-5] o.s.s.w.s.HttpSessionRequestCache        : Saved request http://localhost:8080/write to session
2022-08-14 05:35:12.108 DEBUG 10780 --- [http-nio-8080-exec-5] o.s.s.web.DefaultRedirectStrategy        : Redirecting to http://localhost:8080/login
2022-08-14 05:35:12.110 DEBUG 10780 --- [http-nio-8080-exec-5] w.c.HttpSessionSecurityContextRepository : Did not store empty SecurityContext
2022-08-14 05:35:12.111 DEBUG 10780 --- [http-nio-8080-exec-5] w.c.HttpSessionSecurityContextRepository : Did not store empty SecurityContext
2022-08-14 05:35:12.111 DEBUG 10780 --- [http-nio-8080-exec-5] s.s.w.c.SecurityContextPersistenceFilter : Cleared SecurityContextHolder to complete request
2022-08-14 05:35:12.118 DEBUG 10780 --- [http-nio-8080-exec-6] o.s.security.web.FilterChainProxy        : Securing GET /login
2022-08-14 05:35:12.119 DEBUG 10780 --- [http-nio-8080-exec-6] s.s.w.c.SecurityContextPersistenceFilter : Set SecurityContextHolder to empty SecurityContext
2022-08-14 05:35:12.120 DEBUG 10780 --- [http-nio-8080-exec-6] o.s.s.w.a.AnonymousAuthenticationFilter  : Set SecurityContextHolder to anonymous SecurityContext
2022-08-14 05:35:12.120 DEBUG 10780 --- [http-nio-8080-exec-6] o.s.s.w.a.i.FilterSecurityInterceptor    : Authorized public object filter invocation [GET /login]
2022-08-14 05:35:12.120 DEBUG 10780 --- [http-nio-8080-exec-6] o.s.security.web.FilterChainProxy        : Secured GET /login
2022-08-14 05:35:12.318 DEBUG 10780 --- [http-nio-8080-exec-6] w.c.HttpSessionSecurityContextRepository : Did not store anonymous SecurityContext
2022-08-14 05:35:12.320 DEBUG 10780 --- [http-nio-8080-exec-6] w.c.HttpSessionSecurityContextRepository : Did not store anonymous SecurityContext
2022-08-14 05:35:12.320 DEBUG 10780 --- [http-nio-8080-exec-6] s.s.w.c.SecurityContextPersistenceFilter : Cleared SecurityContextHolder to complete request
2022-08-14 05:35:13.117 DEBUG 10780 --- [http-nio-8080-exec-7] o.s.security.web.FilterChainProxy        : Securing GET /
2022-08-14 05:35:13.118 DEBUG 10780 --- [http-nio-8080-exec-7] s.s.w.c.SecurityContextPersistenceFilter : Set SecurityContextHolder to empty SecurityContext
2022-08-14 05:35:13.118 DEBUG 10780 --- [http-nio-8080-exec-7] o.s.s.w.a.AnonymousAuthenticationFilter  : Set SecurityContextHolder to anonymous SecurityContext
2022-08-14 05:35:13.119 DEBUG 10780 --- [http-nio-8080-exec-7] o.s.s.w.a.i.FilterSecurityInterceptor    : Authorized filter invocation [GET /] with attributes [permitAll]
2022-08-14 05:35:13.120 DEBUG 10780 --- [http-nio-8080-exec-7] o.s.security.web.FilterChainProxy        : Secured GET /
2022-08-14 05:35:13.123 DEBUG 10780 --- [http-nio-8080-exec-7] w.c.HttpSessionSecurityContextRepository : Did not store anonymous SecurityContext
2022-08-14 05:35:13.124 DEBUG 10780 --- [http-nio-8080-exec-7] w.c.HttpSessionSecurityContextRepository : Did not store anonymous SecurityContext
2022-08-14 05:35:13.125 DEBUG 10780 --- [http-nio-8080-exec-7] s.s.w.c.SecurityContextPersistenceFilter : Cleared SecurityContextHolder to complete request
2022-08-14 05:35:17.273  INFO 10780 --- [RMI TCP Connection(8)-127.0.0.1] inMXBeanRegistrar$SpringApplicationAdmin : Application shutdown requested.
2022-08-14 05:35:18.245  WARN 10780 --- [RMI TCP Connection(8)-127.0.0.1] o.s.b.f.support.DisposableBeanAdapter    : Invocation of destroy method failed on bean with name 'inMemoryDatabaseShutdownExecutor': org.h2.jdbc.JdbcSQLNonTransientConnectionException: Database is already closed (to disable automatic closing at VM shutdown, add ";DB_CLOSE_ON_EXIT=FALSE" to the db URL) [90121-200]
2022-08-14 05:35:18.252  INFO 10780 --- [RMI TCP Connection(8)-127.0.0.1] com.zaxxer.hikari.HikariDataSource       : HikariPool-1 - Shutdown initiated...
2022-08-14 05:35:18.267  INFO 10780 --- [RMI TCP Connection(8)-127.0.0.1] com.zaxxer.hikari.HikariDataSource       : HikariPool-1 - Shutdown completed.
2022-08-14 14:58:22.421  INFO 18060 --- [restartedMain] com.board.Sample3Application             : Starting Sample3Application using Java 11.0.15 on LAPTOP-4251JS17 with PID 18060 (C:\spring\workspace\sample3\target\classes started by user in C:\spring\workspace\sample3)
2022-08-14 14:58:22.426  INFO 18060 --- [restartedMain] com.board.Sample3Application             : No active profile set, falling back to default profiles: default
2022-08-14 14:58:22.522  INFO 18060 --- [restartedMain] .e.DevToolsPropertyDefaultsPostProcessor : Devtools property defaults active! Set 'spring.devtools.add-properties' to 'false' to disable
2022-08-14 14:58:22.522  INFO 18060 --- [restartedMain] .e.DevToolsPropertyDefaultsPostProcessor : For additional web related logging consider setting the 'logging.level.web' property to 'DEBUG'
2022-08-14 14:58:25.052  INFO 18060 --- [restartedMain] o.s.b.w.embedded.tomcat.TomcatWebServer  : Tomcat initialized with port(s): 8080 (http)
2022-08-14 14:58:25.076  INFO 18060 --- [restartedMain] o.apache.catalina.core.StandardService   : Starting service [Tomcat]
2022-08-14 14:58:25.077  INFO 18060 --- [restartedMain] org.apache.catalina.core.StandardEngine  : Starting Servlet engine: [Apache Tomcat/9.0.52]
2022-08-14 14:58:25.516  INFO 18060 --- [restartedMain] org.apache.jasper.servlet.TldScanner     : At least one JAR was scanned for TLDs yet contained no TLDs. Enable debug logging for this logger for a complete list of JARs that were scanned but no TLDs were found in them. Skipping unneeded JARs during scanning can improve startup time and JSP compilation time.
2022-08-14 14:58:25.533  INFO 18060 --- [restartedMain] o.a.c.c.C.[Tomcat].[localhost].[/]       : Initializing Spring embedded WebApplicationContext
2022-08-14 14:58:25.533  INFO 18060 --- [restartedMain] w.s.c.ServletWebServerApplicationContext : Root WebApplicationContext: initialization completed in 3008 ms
2022-08-14 14:58:25.583  INFO 18060 --- [restartedMain] com.zaxxer.hikari.HikariDataSource       : HikariPool-1 - Starting...
2022-08-14 14:58:25.982  INFO 18060 --- [restartedMain] com.zaxxer.hikari.HikariDataSource       : HikariPool-1 - Start completed.
2022-08-14 14:58:25.997  INFO 18060 --- [restartedMain] o.s.b.a.h2.H2ConsoleAutoConfiguration    : H2 console available at '/h2-console'. Database available at 'jdbc:h2:mem:test'
2022-08-14 14:58:27.121 DEBUG 18060 --- [restartedMain] edFilterInvocationSecurityMetadataSource : Adding web access control expression [permitAll] for Ant [pattern='/']
2022-08-14 14:58:27.123 DEBUG 18060 --- [restartedMain] edFilterInvocationSecurityMetadataSource : Adding web access control expression [authenticated] for Ant [pattern='/write']
2022-08-14 14:58:27.140  INFO 18060 --- [restartedMain] o.s.s.web.DefaultSecurityFilterChain     : Will secure any request with [org.springframework.security.web.context.request.async.WebAsyncManagerIntegrationFilter@16a88f9, org.springframework.security.web.context.SecurityContextPersistenceFilter@4b3c00d1, org.springframework.security.web.header.HeaderWriterFilter@2a01b42c, org.springframework.security.web.authentication.logout.LogoutFilter@2eabd26e, org.springframework.security.web.authentication.UsernamePasswordAuthenticationFilter@5a7d0206, org.springframework.security.web.savedrequest.RequestCacheAwareFilter@4871d4e9, org.springframework.security.web.servletapi.SecurityContextHolderAwareRequestFilter@65cbc49, org.springframework.security.web.authentication.AnonymousAuthenticationFilter@7e9f3b34, org.springframework.security.web.session.SessionManagementFilter@6eb1b518, org.springframework.security.web.access.ExceptionTranslationFilter@47d34ea7, org.springframework.security.web.access.intercept.FilterSecurityInterceptor@4f8ac1a3]
2022-08-14 14:58:27.783  INFO 18060 --- [restartedMain] o.s.b.d.a.OptionalLiveReloadServer       : LiveReload server is running on port 35729
2022-08-14 14:58:27.865  INFO 18060 --- [restartedMain] o.s.b.w.embedded.tomcat.TomcatWebServer  : Tomcat started on port(s): 8080 (http) with context path ''
2022-08-14 14:58:27.888  INFO 18060 --- [restartedMain] com.board.Sample3Application             : Started Sample3Application in 6.287 seconds (JVM running for 8.698)
2022-08-14 14:58:33.605  INFO 18060 --- [http-nio-8080-exec-1] o.a.c.c.C.[Tomcat].[localhost].[/]       : Initializing Spring DispatcherServlet 'dispatcherServlet'
2022-08-14 14:58:33.606  INFO 18060 --- [http-nio-8080-exec-1] o.s.web.servlet.DispatcherServlet        : Initializing Servlet 'dispatcherServlet'
2022-08-14 14:58:33.608  INFO 18060 --- [http-nio-8080-exec-1] o.s.web.servlet.DispatcherServlet        : Completed initialization in 1 ms
2022-08-14 14:58:33.629 DEBUG 18060 --- [http-nio-8080-exec-1] o.s.security.web.FilterChainProxy        : Securing GET /
2022-08-14 14:58:33.640 DEBUG 18060 --- [http-nio-8080-exec-1] s.s.w.c.SecurityContextPersistenceFilter : Set SecurityContextHolder to empty SecurityContext
2022-08-14 14:58:33.645 DEBUG 18060 --- [http-nio-8080-exec-1] o.s.s.w.a.AnonymousAuthenticationFilter  : Set SecurityContextHolder to anonymous SecurityContext
2022-08-14 14:58:33.656 DEBUG 18060 --- [http-nio-8080-exec-1] o.s.s.w.a.i.FilterSecurityInterceptor    : Authorized filter invocation [GET /] with attributes [permitAll]
2022-08-14 14:58:33.657 DEBUG 18060 --- [http-nio-8080-exec-1] o.s.security.web.FilterChainProxy        : Secured GET /
2022-08-14 14:58:35.772  WARN 18060 --- [http-nio-8080-exec-1] o.a.c.util.SessionIdGeneratorBase        : Creation of SecureRandom instance for session ID generation using [SHA1PRNG] took [815] milliseconds.
2022-08-14 14:58:35.795 DEBUG 18060 --- [http-nio-8080-exec-1] w.c.HttpSessionSecurityContextRepository : Did not store anonymous SecurityContext
2022-08-14 14:58:35.802 DEBUG 18060 --- [http-nio-8080-exec-1] w.c.HttpSessionSecurityContextRepository : Did not store anonymous SecurityContext
2022-08-14 14:58:35.803 DEBUG 18060 --- [http-nio-8080-exec-1] s.s.w.c.SecurityContextPersistenceFilter : Cleared SecurityContextHolder to complete request
2022-08-14 14:58:37.173 DEBUG 18060 --- [http-nio-8080-exec-3] o.s.security.web.FilterChainProxy        : Securing GET /list
2022-08-14 14:58:37.174 DEBUG 18060 --- [http-nio-8080-exec-3] s.s.w.c.SecurityContextPersistenceFilter : Set SecurityContextHolder to empty SecurityContext
2022-08-14 14:58:37.175 DEBUG 18060 --- [http-nio-8080-exec-3] o.s.s.w.a.AnonymousAuthenticationFilter  : Set SecurityContextHolder to anonymous SecurityContext
2022-08-14 14:58:37.176 DEBUG 18060 --- [http-nio-8080-exec-3] o.s.s.w.a.i.FilterSecurityInterceptor    : Authorized public object filter invocation [GET /list]
2022-08-14 14:58:37.176 DEBUG 18060 --- [http-nio-8080-exec-3] o.s.security.web.FilterChainProxy        : Secured GET /list
2022-08-14 14:58:37.609 DEBUG 18060 --- [http-nio-8080-exec-3] w.c.HttpSessionSecurityContextRepository : Did not store anonymous SecurityContext
2022-08-14 14:58:37.611 DEBUG 18060 --- [http-nio-8080-exec-3] w.c.HttpSessionSecurityContextRepository : Did not store anonymous SecurityContext
2022-08-14 14:58:37.612 DEBUG 18060 --- [http-nio-8080-exec-3] s.s.w.c.SecurityContextPersistenceFilter : Cleared SecurityContextHolder to complete request
2022-08-14 14:58:38.870 DEBUG 18060 --- [http-nio-8080-exec-4] o.s.security.web.FilterChainProxy        : Securing GET /read/1
2022-08-14 14:58:38.872 DEBUG 18060 --- [http-nio-8080-exec-4] s.s.w.c.SecurityContextPersistenceFilter : Set SecurityContextHolder to empty SecurityContext
2022-08-14 14:58:38.872 DEBUG 18060 --- [http-nio-8080-exec-4] o.s.s.w.a.AnonymousAuthenticationFilter  : Set SecurityContextHolder to anonymous SecurityContext
2022-08-14 14:58:38.873 DEBUG 18060 --- [http-nio-8080-exec-4] o.s.s.w.a.i.FilterSecurityInterceptor    : Authorized public object filter invocation [GET /read/1]
2022-08-14 14:58:38.873 DEBUG 18060 --- [http-nio-8080-exec-4] o.s.security.web.FilterChainProxy        : Secured GET /read/1
2022-08-14 14:58:39.160 DEBUG 18060 --- [http-nio-8080-exec-4] w.c.HttpSessionSecurityContextRepository : Did not store anonymous SecurityContext
2022-08-14 14:58:39.162 DEBUG 18060 --- [http-nio-8080-exec-4] w.c.HttpSessionSecurityContextRepository : Did not store anonymous SecurityContext
2022-08-14 14:58:39.162 DEBUG 18060 --- [http-nio-8080-exec-4] s.s.w.c.SecurityContextPersistenceFilter : Cleared SecurityContextHolder to complete request
2022-08-14 14:58:40.159 DEBUG 18060 --- [http-nio-8080-exec-5] o.s.security.web.FilterChainProxy        : Securing GET /list
2022-08-14 14:58:40.160 DEBUG 18060 --- [http-nio-8080-exec-5] s.s.w.c.SecurityContextPersistenceFilter : Set SecurityContextHolder to empty SecurityContext
2022-08-14 14:58:40.161 DEBUG 18060 --- [http-nio-8080-exec-5] o.s.s.w.a.AnonymousAuthenticationFilter  : Set SecurityContextHolder to anonymous SecurityContext
2022-08-14 14:58:40.161 DEBUG 18060 --- [http-nio-8080-exec-5] o.s.s.w.a.i.FilterSecurityInterceptor    : Authorized public object filter invocation [GET /list]
2022-08-14 14:58:40.162 DEBUG 18060 --- [http-nio-8080-exec-5] o.s.security.web.FilterChainProxy        : Secured GET /list
2022-08-14 14:58:40.171 DEBUG 18060 --- [http-nio-8080-exec-5] w.c.HttpSessionSecurityContextRepository : Did not store anonymous SecurityContext
2022-08-14 14:58:40.173 DEBUG 18060 --- [http-nio-8080-exec-5] w.c.HttpSessionSecurityContextRepository : Did not store anonymous SecurityContext
2022-08-14 14:58:40.174 DEBUG 18060 --- [http-nio-8080-exec-5] s.s.w.c.SecurityContextPersistenceFilter : Cleared SecurityContextHolder to complete request
2022-08-14 14:58:40.807 DEBUG 18060 --- [http-nio-8080-exec-6] o.s.security.web.FilterChainProxy        : Securing GET /write
2022-08-14 14:58:40.808 DEBUG 18060 --- [http-nio-8080-exec-6] s.s.w.c.SecurityContextPersistenceFilter : Set SecurityContextHolder to empty SecurityContext
2022-08-14 14:58:40.808 DEBUG 18060 --- [http-nio-8080-exec-6] o.s.s.w.a.AnonymousAuthenticationFilter  : Set SecurityContextHolder to anonymous SecurityContext
2022-08-14 14:58:40.809 DEBUG 18060 --- [http-nio-8080-exec-6] o.s.s.w.a.i.FilterSecurityInterceptor    : Failed to authorize filter invocation [GET /write] with attributes [authenticated]
2022-08-14 14:58:40.819 DEBUG 18060 --- [http-nio-8080-exec-6] o.s.s.w.s.HttpSessionRequestCache        : Saved request http://localhost:8080/write to session
2022-08-14 14:58:40.821 DEBUG 18060 --- [http-nio-8080-exec-6] o.s.s.web.DefaultRedirectStrategy        : Redirecting to http://localhost:8080/login
2022-08-14 14:58:40.821 DEBUG 18060 --- [http-nio-8080-exec-6] w.c.HttpSessionSecurityContextRepository : Did not store empty SecurityContext
2022-08-14 14:58:40.823 DEBUG 18060 --- [http-nio-8080-exec-6] w.c.HttpSessionSecurityContextRepository : Did not store empty SecurityContext
2022-08-14 14:58:40.824 DEBUG 18060 --- [http-nio-8080-exec-6] s.s.w.c.SecurityContextPersistenceFilter : Cleared SecurityContextHolder to complete request
2022-08-14 14:58:40.831 DEBUG 18060 --- [http-nio-8080-exec-7] o.s.security.web.FilterChainProxy        : Securing GET /login
2022-08-14 14:58:40.832 DEBUG 18060 --- [http-nio-8080-exec-7] s.s.w.c.SecurityContextPersistenceFilter : Set SecurityContextHolder to empty SecurityContext
2022-08-14 14:58:40.832 DEBUG 18060 --- [http-nio-8080-exec-7] o.s.s.w.a.AnonymousAuthenticationFilter  : Set SecurityContextHolder to anonymous SecurityContext
2022-08-14 14:58:40.832 DEBUG 18060 --- [http-nio-8080-exec-7] o.s.s.w.a.i.FilterSecurityInterceptor    : Authorized public object filter invocation [GET /login]
2022-08-14 14:58:40.833 DEBUG 18060 --- [http-nio-8080-exec-7] o.s.security.web.FilterChainProxy        : Secured GET /login
2022-08-14 14:58:41.034 DEBUG 18060 --- [http-nio-8080-exec-7] w.c.HttpSessionSecurityContextRepository : Did not store anonymous SecurityContext
2022-08-14 14:58:41.035 DEBUG 18060 --- [http-nio-8080-exec-7] w.c.HttpSessionSecurityContextRepository : Did not store anonymous SecurityContext
2022-08-14 14:58:41.036 DEBUG 18060 --- [http-nio-8080-exec-7] s.s.w.c.SecurityContextPersistenceFilter : Cleared SecurityContextHolder to complete request
2022-08-14 14:58:42.021 DEBUG 18060 --- [http-nio-8080-exec-8] o.s.security.web.FilterChainProxy        : Securing GET /
2022-08-14 14:58:42.022 DEBUG 18060 --- [http-nio-8080-exec-8] s.s.w.c.SecurityContextPersistenceFilter : Set SecurityContextHolder to empty SecurityContext
2022-08-14 14:58:42.023 DEBUG 18060 --- [http-nio-8080-exec-8] o.s.s.w.a.AnonymousAuthenticationFilter  : Set SecurityContextHolder to anonymous SecurityContext
2022-08-14 14:58:42.023 DEBUG 18060 --- [http-nio-8080-exec-8] o.s.s.w.a.i.FilterSecurityInterceptor    : Authorized filter invocation [GET /] with attributes [permitAll]
2022-08-14 14:58:42.024 DEBUG 18060 --- [http-nio-8080-exec-8] o.s.security.web.FilterChainProxy        : Secured GET /
2022-08-14 14:58:42.037 DEBUG 18060 --- [http-nio-8080-exec-8] w.c.HttpSessionSecurityContextRepository : Did not store anonymous SecurityContext
2022-08-14 14:58:42.039 DEBUG 18060 --- [http-nio-8080-exec-8] w.c.HttpSessionSecurityContextRepository : Did not store anonymous SecurityContext
2022-08-14 14:58:42.039 DEBUG 18060 --- [http-nio-8080-exec-8] s.s.w.c.SecurityContextPersistenceFilter : Cleared SecurityContextHolder to complete request
2022-08-14 14:58:42.823 DEBUG 18060 --- [http-nio-8080-exec-9] o.s.security.web.FilterChainProxy        : Securing GET /list
2022-08-14 14:58:42.824 DEBUG 18060 --- [http-nio-8080-exec-9] s.s.w.c.SecurityContextPersistenceFilter : Set SecurityContextHolder to empty SecurityContext
2022-08-14 14:58:42.824 DEBUG 18060 --- [http-nio-8080-exec-9] o.s.s.w.a.AnonymousAuthenticationFilter  : Set SecurityContextHolder to anonymous SecurityContext
2022-08-14 14:58:42.824 DEBUG 18060 --- [http-nio-8080-exec-9] o.s.s.w.a.i.FilterSecurityInterceptor    : Authorized public object filter invocation [GET /list]
2022-08-14 14:58:42.825 DEBUG 18060 --- [http-nio-8080-exec-9] o.s.security.web.FilterChainProxy        : Secured GET /list
2022-08-14 14:58:42.844 DEBUG 18060 --- [http-nio-8080-exec-9] w.c.HttpSessionSecurityContextRepository : Did not store anonymous SecurityContext
2022-08-14 14:58:42.846 DEBUG 18060 --- [http-nio-8080-exec-9] w.c.HttpSessionSecurityContextRepository : Did not store anonymous SecurityContext
2022-08-14 14:58:42.846 DEBUG 18060 --- [http-nio-8080-exec-9] s.s.w.c.SecurityContextPersistenceFilter : Cleared SecurityContextHolder to complete request
2022-08-14 14:58:48.027  INFO 18060 --- [RMI TCP Connection(8)-127.0.0.1] inMXBeanRegistrar$SpringApplicationAdmin : Application shutdown requested.
2022-08-14 14:58:49.036  WARN 18060 --- [RMI TCP Connection(8)-127.0.0.1] o.s.b.f.support.DisposableBeanAdapter    : Invocation of destroy method failed on bean with name 'inMemoryDatabaseShutdownExecutor': org.h2.jdbc.JdbcSQLNonTransientConnectionException: Database is already closed (to disable automatic closing at VM shutdown, add ";DB_CLOSE_ON_EXIT=FALSE" to the db URL) [90121-200]
2022-08-14 14:58:49.045  INFO 18060 --- [RMI TCP Connection(8)-127.0.0.1] com.zaxxer.hikari.HikariDataSource       : HikariPool-1 - Shutdown initiated...
2022-08-14 14:58:49.059  INFO 18060 --- [RMI TCP Connection(8)-127.0.0.1] com.zaxxer.hikari.HikariDataSource       : HikariPool-1 - Shutdown completed.
